"O:/UnrealProjects/FishPersonSimulator/Content/FirstPerson/Textures/FirstPersonCrosshair.uasset" 0
"O:/UnrealProjects/FishPersonSimulator/Content/FirstPerson/Textures/FirstPersonCrosshair.uexp" 1
"../../../Engine/Content/Animation/DefaultAnimBoneCompressionSettings.uasset" 2
"../../../Engine/Content/Animation/DefaultAnimBoneCompressionSettings.uexp" 3
"../../../Engine/Content/Animation/DefaultAnimCurveCompressionSettings.uasset" 4
"../../../Engine/Content/Animation/DefaultAnimCurveCompressionSettings.uexp" 5
"../../../Engine/Content/Functions/Engine_MaterialFunctions01/Opacity/CameraDepthFade.uasset" 6
"../../../Engine/Content/Functions/Engine_MaterialFunctions01/Opacity/CameraDepthFade.uexp" 7
"../../../Engine/Content/EngineMaterials/T_Default_Material_Grid_M.uasset" 8
"../../../Engine/Content/EngineMaterials/T_Default_Material_Grid_M.uexp" 9
"../../../Engine/Content/EngineMaterials/T_Default_Material_Grid_M.ubulk" 10
"../../../Engine/Content/EngineMaterials/T_Default_Material_Grid_N.uasset" 11
"../../../Engine/Content/EngineMaterials/T_Default_Material_Grid_N.uexp" 12
"../../../Engine/Content/EngineMaterials/T_Default_Material_Grid_N.ubulk" 13
"../../../Engine/Content/EngineMaterials/WorldGridMaterial.uasset" 14
"../../../Engine/Content/EngineMaterials/WorldGridMaterial.uexp" 15
"../../../Engine/Content/ArtTools/RenderToTexture/Meshes/S_1_Unit_Plane.uasset" 16
"../../../Engine/Content/ArtTools/RenderToTexture/Meshes/S_1_Unit_Plane.uexp" 17
"../../../Engine/Content/ArtTools/RenderToTexture/Meshes/S_1_Unit_Plane.ubulk" 18
"../../../Engine/Content/EngineMaterials/DefaultMaterial.uasset" 19
"../../../Engine/Content/EngineMaterials/DefaultMaterial.uexp" 20
"../../../Engine/Content/BasicShapes/Cone.uasset" 21
"../../../Engine/Content/BasicShapes/Cone.uexp" 22
"../../../Engine/Content/BasicShapes/Cone.ubulk" 23
"../../../Engine/Content/BasicShapes/Cube.uasset" 24
"../../../Engine/Content/BasicShapes/Cube.uexp" 25
"../../../Engine/Content/BasicShapes/Cube.ubulk" 26
"../../../Engine/Content/BasicShapes/Plane.uasset" 27
"../../../Engine/Content/BasicShapes/Plane.uexp" 28
"../../../Engine/Content/BasicShapes/Plane.ubulk" 29
"../../../Engine/Content/BasicShapes/Sphere.uasset" 30
"../../../Engine/Content/BasicShapes/Sphere.uexp" 31
"../../../Engine/Content/BasicShapes/Sphere.ubulk" 32
"../../../Engine/Content/EditorLandscapeResources/DataLayer.uasset" 33
"../../../Engine/Content/EditorLandscapeResources/DataLayer.uexp" 34
"../../../Engine/Content/EditorLandscapeResources/DefaultAlphaTexture.uasset" 35
"../../../Engine/Content/EditorLandscapeResources/DefaultAlphaTexture.uexp" 36
"../../../Engine/Content/EditorMaterials/MAT_Groups_Toggle.uasset" 37
"../../../Engine/Content/EditorMaterials/MAT_Groups_Toggle.uexp" 38
"../../../Engine/Content/EditorMaterials/MAT_Groups_Visibility.uasset" 39
"../../../Engine/Content/EditorMaterials/MAT_Groups_Visibility.uexp" 40
"../../../Engine/Content/EditorMaterials/PreviewShadowIndicator.uasset" 41
"../../../Engine/Content/EditorMaterials/PreviewShadowIndicator.uexp" 42
"../../../Engine/Content/EditorMaterials/PreviewShadowIndicator.ubulk" 43
"../../../Engine/Content/EditorMaterials/PreviewShadowIndicatorMaterial.uasset" 44
"../../../Engine/Content/EditorMaterials/PreviewShadowIndicatorMaterial.uexp" 45
"../../../Engine/Content/EditorMaterials/MatineeGroups/MAT_ColorTrack.uasset" 46
"../../../Engine/Content/EditorMaterials/MatineeGroups/MAT_ColorTrack.uexp" 47
"../../../Engine/Content/EditorMaterials/MatineeGroups/MAT_Groups_Anim.uasset" 48
"../../../Engine/Content/EditorMaterials/MatineeGroups/MAT_Groups_Anim.uexp" 49
"../../../Engine/Content/EditorMaterials/MatineeGroups/MAT_Groups_AudioMaster.uasset" 50
"../../../Engine/Content/EditorMaterials/MatineeGroups/MAT_Groups_AudioMaster.uexp" 51
"../../../Engine/Content/EditorMaterials/MatineeGroups/MAT_Groups_Director.uasset" 52
"../../../Engine/Content/EditorMaterials/MatineeGroups/MAT_Groups_Director.uexp" 53
"../../../Engine/Content/EditorMaterials/MatineeGroups/MAT_Groups_Event.uasset" 54
"../../../Engine/Content/EditorMaterials/MatineeGroups/MAT_Groups_Event.uexp" 55
"../../../Engine/Content/EditorMaterials/MatineeGroups/MAT_Groups_Fade.uasset" 56
"../../../Engine/Content/EditorMaterials/MatineeGroups/MAT_Groups_Fade.uexp" 57
"../../../Engine/Content/EditorMaterials/MatineeGroups/MAT_Groups_Float.uasset" 58
"../../../Engine/Content/EditorMaterials/MatineeGroups/MAT_Groups_Float.uexp" 59
"../../../Engine/Content/EditorMaterials/MatineeGroups/MAT_Groups_Move.uasset" 60
"../../../Engine/Content/EditorMaterials/MatineeGroups/MAT_Groups_Move.uexp" 61
"../../../Engine/Content/EditorMaterials/MatineeGroups/MAT_Groups_Slomo.uasset" 62
"../../../Engine/Content/EditorMaterials/MatineeGroups/MAT_Groups_Slomo.uexp" 63
"../../../Engine/Content/EditorMaterials/MatineeGroups/MAT_Groups_Sound.uasset" 64
"../../../Engine/Content/EditorMaterials/MatineeGroups/MAT_Groups_Sound.uexp" 65
"../../../Engine/Content/EditorMaterials/MatineeGroups/MAT_Groups_Vector.uasset" 66
"../../../Engine/Content/EditorMaterials/MatineeGroups/MAT_Groups_Vector.uexp" 67
"../../../Engine/Content/EditorMaterials/ParticleSystems/PSysThumbnail_NoImage.uasset" 68
"../../../Engine/Content/EditorMaterials/ParticleSystems/PSysThumbnail_NoImage.uexp" 69
"../../../Engine/Content/EditorMaterials/ParticleSystems/PSysThumbnail_NoImage.ubulk" 70
"../../../Engine/Content/EditorMaterials/ParticleSystems/PSysThumbnail_OOD.uasset" 71
"../../../Engine/Content/EditorMaterials/ParticleSystems/PSysThumbnail_OOD.uexp" 72
"../../../Engine/Content/EditorMaterials/ParticleSystems/PSysThumbnail_OOD.ubulk" 73
"../../../Engine/Content/Functions/Engine_MaterialFunctions02/Utility/BreakOutFloat3Components.uasset" 74
"../../../Engine/Content/Functions/Engine_MaterialFunctions02/Utility/BreakOutFloat3Components.uexp" 75
"../../../Engine/Content/Functions/Engine_MaterialFunctions02/Utility/MakeFloat3.uasset" 76
"../../../Engine/Content/Functions/Engine_MaterialFunctions02/Utility/MakeFloat3.uexp" 77
"../../../Engine/Content/Functions/Engine_MaterialFunctions02/Utility/MakeFloat4.uasset" 78
"../../../Engine/Content/Functions/Engine_MaterialFunctions02/Utility/MakeFloat4.uexp" 79
"../../../Engine/Content/EditorMaterials/WorldPartition/WorldPartitionSpatialHashGridPreviewMaterial.uasset" 80
"../../../Engine/Content/EditorMaterials/WorldPartition/WorldPartitionSpatialHashGridPreviewMaterial.uexp" 81
"../../../Engine/Content/EditorMaterials/Camera/CineMat.uasset" 82
"../../../Engine/Content/EditorMaterials/Camera/CineMat.uexp" 83
"../../../Engine/Content/EditorMaterials/Camera/MI_CineMat_Rig.uasset" 84
"../../../Engine/Content/EditorMaterials/Camera/MI_CineMat_Rig.uexp" 85
"../../../Engine/Content/EditorMeshes/Camera/SM_CraneRig_Arm.uasset" 86
"../../../Engine/Content/EditorMeshes/Camera/SM_CraneRig_Arm.uexp" 87
"../../../Engine/Content/EditorMeshes/Camera/SM_CraneRig_Arm.ubulk" 88
"../../../Engine/Content/EditorMeshes/Camera/SM_CraneRig_Base.uasset" 89
"../../../Engine/Content/EditorMeshes/Camera/SM_CraneRig_Base.uexp" 90
"../../../Engine/Content/EditorMeshes/Camera/SM_CraneRig_Base.ubulk" 91
"../../../Engine/Content/EditorMeshes/Camera/SM_CraneRig_Body.uasset" 92
"../../../Engine/Content/EditorMeshes/Camera/SM_CraneRig_Body.uexp" 93
"../../../Engine/Content/EditorMeshes/Camera/SM_CraneRig_Body.ubulk" 94
"../../../Engine/Content/EditorMeshes/Camera/SM_CraneRig_Mount.uasset" 95
"../../../Engine/Content/EditorMeshes/Camera/SM_CraneRig_Mount.uexp" 96
"../../../Engine/Content/EditorMeshes/Camera/SM_CraneRig_Mount.ubulk" 97
"../../../Engine/Content/EditorMeshes/Camera/SM_RailRig_Mount.uasset" 98
"../../../Engine/Content/EditorMeshes/Camera/SM_RailRig_Mount.uexp" 99
"../../../Engine/Content/EditorMeshes/Camera/SM_RailRig_Mount.ubulk" 100
"../../../Engine/Content/EditorMeshes/Camera/SM_RailRig_Track.uasset" 101
"../../../Engine/Content/EditorMeshes/Camera/SM_RailRig_Track.uexp" 102
"../../../Engine/Content/EditorMeshes/Camera/SM_RailRig_Track.ubulk" 103
"../../../Engine/Content/EditorResources/BSPVertex.uasset" 104
"../../../Engine/Content/EditorResources/BSPVertex.uexp" 105
"../../../Engine/Content/EditorResources/EmptyActor.uasset" 106
"../../../Engine/Content/EditorResources/EmptyActor.uexp" 107
"../../../Engine/Content/EditorResources/S_Actor.uasset" 108
"../../../Engine/Content/EditorResources/S_Actor.uexp" 109
"../../../Engine/Content/EditorResources/S_Actor.ubulk" 110
"../../../Engine/Content/EditorResources/S_BoxReflectionCapture.uasset" 111
"../../../Engine/Content/EditorResources/S_BoxReflectionCapture.uexp" 112
"../../../Engine/Content/EditorResources/S_Note.uasset" 113
"../../../Engine/Content/EditorResources/S_Note.uexp" 114
"../../../Engine/Content/EditorResources/S_Solver.uasset" 115
"../../../Engine/Content/EditorResources/S_Solver.uexp" 116
"../../../Engine/Content/EditorResources/S_Solver.ubulk" 117
"../../../Engine/Content/EditorResources/S_Terrain.uasset" 118
"../../../Engine/Content/EditorResources/S_Terrain.uexp" 119
"../../../Engine/Content/EditorResources/S_Terrain.ubulk" 120
"../../../Engine/Content/EditorResources/S_Trigger.uasset" 121
"../../../Engine/Content/EditorResources/S_Trigger.uexp" 122
"../../../Engine/Content/EditorResources/S_Trigger.ubulk" 123
"../../../Engine/Content/EditorResources/S_TriggerBox.uasset" 124
"../../../Engine/Content/EditorResources/S_TriggerBox.uexp" 125
"../../../Engine/Content/EditorResources/S_TriggerCapsule.uasset" 126
"../../../Engine/Content/EditorResources/S_TriggerCapsule.uexp" 127
"../../../Engine/Content/EditorResources/S_TriggerSphere.uasset" 128
"../../../Engine/Content/EditorResources/S_TriggerSphere.uexp" 129
"../../../Engine/Content/EditorResources/LightIcons/S_LightError.uasset" 130
"../../../Engine/Content/EditorResources/LightIcons/S_LightError.uexp" 131
"../../../Engine/Content/EditorResources/SequenceRecorder/Countdown.uasset" 132
"../../../Engine/Content/EditorResources/SequenceRecorder/Countdown.uexp" 133
"../../../Engine/Content/EditorResources/SequenceRecorder/RecordingIndicator.uasset" 134
"../../../Engine/Content/EditorResources/SequenceRecorder/RecordingIndicator.uexp" 135
"../../../Engine/Content/EngineDamageTypes/DmgTypeBP_Environmental.uasset" 136
"../../../Engine/Content/EngineDamageTypes/DmgTypeBP_Environmental.uexp" 137
"../../../Engine/Content/EngineDebugMaterials/DebugEditorMaterial.uasset" 138
"../../../Engine/Content/EngineDebugMaterials/DebugEditorMaterial.uexp" 139
"../../../Engine/Content/EngineDebugMaterials/DebugMeshMaterial.uasset" 140
"../../../Engine/Content/EngineDebugMaterials/DebugMeshMaterial.uexp" 141
"../../../Engine/Content/EngineDebugMaterials/M_SimpleUnlitTranslucent.uasset" 142
"../../../Engine/Content/EngineDebugMaterials/M_SimpleUnlitTranslucent.uexp" 143
"../../../Engine/Content/EngineDebugMaterials/VolumeToRender.uasset" 144
"../../../Engine/Content/EngineDebugMaterials/VolumeToRender.uexp" 145
"../../../Engine/Content/Functions/Engine_MaterialFunctions02/Utility/CameraDirectionVector.uasset" 146
"../../../Engine/Content/Functions/Engine_MaterialFunctions02/Utility/CameraDirectionVector.uexp" 147
"../../../Engine/Content/EngineDebugMaterials/M_VolumeRenderSphereTracePP.uasset" 148
"../../../Engine/Content/EngineDebugMaterials/M_VolumeRenderSphereTracePP.uexp" 149
"../../../Engine/Content/Functions/Engine_MaterialFunctions01/Shading/ConvertFromDiffSpec.uasset" 150
"../../../Engine/Content/Functions/Engine_MaterialFunctions01/Shading/ConvertFromDiffSpec.uexp" 151
"../../../Engine/Content/EngineDebugMaterials/VertexColorMaterial.uasset" 152
"../../../Engine/Content/EngineDebugMaterials/VertexColorMaterial.uexp" 153
"../../../Engine/Content/EngineDebugMaterials/WireframeMaterial.uasset" 154
"../../../Engine/Content/EngineDebugMaterials/WireframeMaterial.uexp" 155
"../../../Engine/Content/EngineFonts/Faces/DroidSansFallback.uasset" 156
"../../../Engine/Content/EngineFonts/Faces/DroidSansFallback.uexp" 157
"../../../Engine/Content/EngineFonts/Faces/DroidSansFallback.ufont" 158
"../../../Engine/Content/EngineFonts/Faces/RobotoBold.uasset" 159
"../../../Engine/Content/EngineFonts/Faces/RobotoBold.uexp" 160
"../../../Engine/Content/EngineFonts/Faces/RobotoBold.ufont" 161
"../../../Engine/Content/EngineFonts/Faces/RobotoItalic.uasset" 162
"../../../Engine/Content/EngineFonts/Faces/RobotoItalic.uexp" 163
"../../../Engine/Content/EngineFonts/Faces/RobotoItalic.ufont" 164
"../../../Engine/Content/EngineFonts/Faces/RobotoLight.uasset" 165
"../../../Engine/Content/EngineFonts/Faces/RobotoLight.uexp" 166
"../../../Engine/Content/EngineFonts/Faces/RobotoLight.ufont" 167
"../../../Engine/Content/EngineFonts/Faces/RobotoBoldItalic.uasset" 168
"../../../Engine/Content/EngineFonts/Faces/RobotoBoldItalic.uexp" 169
"../../../Engine/Content/EngineFonts/Faces/RobotoBoldItalic.ufont" 170
"../../../Engine/Content/EngineFonts/Faces/RobotoRegular.uasset" 171
"../../../Engine/Content/EngineFonts/Faces/RobotoRegular.uexp" 172
"../../../Engine/Content/EngineFonts/Faces/RobotoRegular.ufont" 173
"../../../Engine/Content/EngineFonts/Roboto.uasset" 174
"../../../Engine/Content/EngineFonts/Roboto.uexp" 175
"../../../Engine/Content/EngineMaterials/BaseFlattenDiffuseMap.uasset" 176
"../../../Engine/Content/EngineMaterials/BaseFlattenDiffuseMap.uexp" 177
"../../../Engine/Content/EngineMaterials/BaseFlattenNormalMap.uasset" 178
"../../../Engine/Content/EngineMaterials/BaseFlattenNormalMap.uexp" 179
"../../../Engine/Content/EngineMaterials/BaseFlattenGrayscaleMap.uasset" 180
"../../../Engine/Content/EngineMaterials/BaseFlattenGrayscaleMap.uexp" 181
"../../../Engine/Content/EngineMaterials/BaseFlattenEmissiveMap.uasset" 182
"../../../Engine/Content/EngineMaterials/BaseFlattenEmissiveMap.uexp" 183
"../../../Engine/Content/EngineMaterials/BaseFlattenMaterial.uasset" 184
"../../../Engine/Content/EngineMaterials/BaseFlattenMaterial.uexp" 185
"../../../Engine/Content/EngineMaterials/BaseFlattenNormalMap_VT.uasset" 186
"../../../Engine/Content/EngineMaterials/BaseFlattenNormalMap_VT.uexp" 187
"../../../Engine/Content/EngineMaterials/BaseFlattenGrayscaleMap_VT.uasset" 188
"../../../Engine/Content/EngineMaterials/BaseFlattenGrayscaleMap_VT.uexp" 189
"../../../Engine/Content/EngineMaterials/BaseFlattenEmissiveMap_VT.uasset" 190
"../../../Engine/Content/EngineMaterials/BaseFlattenEmissiveMap_VT.uexp" 191
"../../../Engine/Content/EngineMaterials/BaseFlattenDiffuseMap_VT.uasset" 192
"../../../Engine/Content/EngineMaterials/BaseFlattenDiffuseMap_VT.uexp" 193
"../../../Engine/Content/EngineMaterials/BaseFlattenMaterial_VT.uasset" 194
"../../../Engine/Content/EngineMaterials/BaseFlattenMaterial_VT.uexp" 195
"../../../Engine/Content/EngineMaterials/BlueNoise.uasset" 196
"../../../Engine/Content/EngineMaterials/BlueNoise.uexp" 197
"../../../Engine/Content/EngineMaterials/DefaultBloomKernel.uasset" 198
"../../../Engine/Content/EngineMaterials/DefaultBloomKernel.uexp" 199
"../../../Engine/Content/EngineMaterials/DefaultBokeh.uasset" 200
"../../../Engine/Content/EngineMaterials/DefaultBokeh.uexp" 201
"../../../Engine/Content/EngineMaterials/DefaultDiffuse.uasset" 202
"../../../Engine/Content/EngineMaterials/DefaultDiffuse.uexp" 203
"../../../Engine/Content/EngineMaterials/DefaultDiffuse.ubulk" 204
"../../../Engine/Content/EngineMaterials/DefaultDeferredDecalMaterial.uasset" 205
"../../../Engine/Content/EngineMaterials/DefaultDeferredDecalMaterial.uexp" 206
"../../../Engine/Content/EngineMaterials/DefaultLightFunctionMaterial.uasset" 207
"../../../Engine/Content/EngineMaterials/DefaultLightFunctionMaterial.uexp" 208
"../../../Engine/Content/Functions/Engine_MaterialFunctions02/Utility/BreakOutFloat2Components.uasset" 209
"../../../Engine/Content/Functions/Engine_MaterialFunctions02/Utility/BreakOutFloat2Components.uexp" 210
"../../../Engine/Content/EngineMaterials/DefaultPostProcessMaterial.uasset" 211
"../../../Engine/Content/EngineMaterials/DefaultPostProcessMaterial.uexp" 212
"../../../Engine/Content/EngineFonts/RobotoDistanceField.uasset" 213
"../../../Engine/Content/EngineFonts/RobotoDistanceField.uexp" 214
"../../../Engine/Content/EngineMaterials/DefaultTextMaterialOpaque.uasset" 215
"../../../Engine/Content/EngineMaterials/DefaultTextMaterialOpaque.uexp" 216
"../../../Engine/Content/EngineMaterials/DefaultWhiteGrid_Low.uasset" 217
"../../../Engine/Content/EngineMaterials/DefaultWhiteGrid_Low.uexp" 218
"../../../Engine/Content/EngineMaterials/EmissiveMeshMaterial.uasset" 219
"../../../Engine/Content/EngineMaterials/EmissiveMeshMaterial.uexp" 220
"../../../Engine/Content/EngineMaterials/GizmoMaterial.uasset" 221
"../../../Engine/Content/EngineMaterials/GizmoMaterial.uexp" 222
"../../../Engine/Content/EngineMaterials/Good64x64TilingNoiseHighFreq.uasset" 223
"../../../Engine/Content/EngineMaterials/Good64x64TilingNoiseHighFreq.uexp" 224
"../../../Engine/Content/EngineMaterials/MiniFont.uasset" 225
"../../../Engine/Content/EngineMaterials/MiniFont.uexp" 226
"../../../Engine/Content/EngineMaterials/InvalidLightmapSettings.uasset" 227
"../../../Engine/Content/EngineMaterials/InvalidLightmapSettings.uexp" 228
"../../../Engine/Content/EngineMaterials/InvalidLightmapSettings.ubulk" 229
"../../../Engine/Content/EngineMaterials/M_InvalidLightmapSettings.uasset" 230
"../../../Engine/Content/EngineMaterials/M_InvalidLightmapSettings.uexp" 231
"../../../Engine/Content/Functions/Engine_MaterialFunctions02/WorldPositionOffset/CameraOffset.uasset" 232
"../../../Engine/Content/Functions/Engine_MaterialFunctions02/WorldPositionOffset/CameraOffset.uexp" 233
"../../../Engine/Content/EngineMaterials/PhAT_JointLimitMaterial.uasset" 234
"../../../Engine/Content/EngineMaterials/PhAT_JointLimitMaterial.uexp" 235
"../../../Engine/Content/EngineMaterials/PreintegratedSkinBRDF.uasset" 236
"../../../Engine/Content/EngineMaterials/PreintegratedSkinBRDF.uexp" 237
"../../../Engine/Content/EngineMaterials/RemoveSurfaceMaterial.uasset" 238
"../../../Engine/Content/EngineMaterials/RemoveSurfaceMaterial.uexp" 239
"../../../Engine/Content/EngineMaterials/WeightMapPlaceholderTexture.uasset" 240
"../../../Engine/Content/EngineMaterials/WeightMapPlaceholderTexture.uexp" 241
"../../../Engine/Content/EngineResources/WhiteSquareTexture.uasset" 242
"../../../Engine/Content/EngineResources/WhiteSquareTexture.uexp" 243
"../../../Engine/Content/EngineMaterials/Widget3DPassThrough.uasset" 244
"../../../Engine/Content/EngineMaterials/Widget3DPassThrough.uexp" 245
"../../../Engine/Content/EngineMaterials/Widget3DPassThrough_Masked.uasset" 246
"../../../Engine/Content/EngineMaterials/Widget3DPassThrough_Masked.uexp" 247
"../../../Engine/Content/EngineMaterials/Widget3DPassThrough_Opaque.uasset" 248
"../../../Engine/Content/EngineMaterials/Widget3DPassThrough_Opaque.uexp" 249
"../../../Engine/Content/EngineMaterials/Widget3DPassThrough_Masked_OneSided.uasset" 250
"../../../Engine/Content/EngineMaterials/Widget3DPassThrough_Masked_OneSided.uexp" 251
"../../../Engine/Content/EngineMaterials/Widget3DPassThrough_Opaque_OneSided.uasset" 252
"../../../Engine/Content/EngineMaterials/Widget3DPassThrough_Opaque_OneSided.uexp" 253
"../../../Engine/Content/EngineMaterials/Widget3DPassThrough_Translucent.uasset" 254
"../../../Engine/Content/EngineMaterials/Widget3DPassThrough_Translucent.uexp" 255
"../../../Engine/Content/EngineMaterials/Widget3DPassThrough_Translucent_OneSided.uasset" 256
"../../../Engine/Content/EngineMaterials/Widget3DPassThrough_Translucent_OneSided.uexp" 257
"../../../Engine/Content/EngineMeshes/Sphere.uasset" 258
"../../../Engine/Content/EngineMeshes/Sphere.uexp" 259
"../../../Engine/Content/EngineMeshes/Sphere.ubulk" 260
"../../../Engine/Content/EngineResources/DefaultTextureCube.uasset" 261
"../../../Engine/Content/EngineResources/DefaultTextureCube.uexp" 262
"../../../Engine/Content/EngineResources/DefaultVolumeTexture2D.uasset" 263
"../../../Engine/Content/EngineResources/DefaultVolumeTexture2D.uexp" 264
"../../../Engine/Content/EngineResources/DefaultVolumeTexture.uasset" 265
"../../../Engine/Content/EngineResources/DefaultVolumeTexture.uexp" 266
"../../../Engine/Content/EngineSky/VolumetricClouds/T_NoiseErosion.uasset" 267
"../../../Engine/Content/EngineSky/VolumetricClouds/T_NoiseErosion.uexp" 268
"../../../Engine/Content/EngineSky/VolumetricClouds/T_NoiseErosion.ubulk" 269
"../../../Engine/Content/EngineSky/VolumetricClouds/T_VolumeNoiseErosion32.uasset" 270
"../../../Engine/Content/EngineSky/VolumetricClouds/T_VolumeNoiseErosion32.uexp" 271
"../../../Engine/Content/EngineSky/VolumetricClouds/T_NoiseShape64.uasset" 272
"../../../Engine/Content/EngineSky/VolumetricClouds/T_NoiseShape64.uexp" 273
"../../../Engine/Content/EngineSky/VolumetricClouds/T_NoiseShape64.ubulk" 274
"../../../Engine/Content/EngineSky/VolumetricClouds/T_VolumeNoiseShape64.uasset" 275
"../../../Engine/Content/EngineSky/VolumetricClouds/T_VolumeNoiseShape64.uexp" 276
"../../../Engine/Content/EngineSky/VolumetricClouds/CloudWeatherTexture.uasset" 277
"../../../Engine/Content/EngineSky/VolumetricClouds/CloudWeatherTexture.uexp" 278
"../../../Engine/Content/EngineSky/VolumetricClouds/CloudGradientTexture.uasset" 279
"../../../Engine/Content/EngineSky/VolumetricClouds/CloudGradientTexture.uexp" 280
"../../../Engine/Content/Functions/Engine_MaterialFunctions02/Utility/MakeFloat2.uasset" 281
"../../../Engine/Content/Functions/Engine_MaterialFunctions02/Utility/MakeFloat2.uexp" 282
"../../../Engine/Content/EngineSky/VolumetricClouds/m_SimpleVolumetricCloud.uasset" 283
"../../../Engine/Content/EngineSky/VolumetricClouds/m_SimpleVolumetricCloud.uexp" 284
"../../../Engine/Content/EngineSky/VolumetricClouds/m_SimpleVolumetricCloud_Inst.uasset" 285
"../../../Engine/Content/EngineSky/VolumetricClouds/m_SimpleVolumetricCloud_Inst.uexp" 286
"../../../Engine/Content/EngineSounds/Master.uasset" 287
"../../../Engine/Content/EngineSounds/Master.uexp" 288
"../../../Engine/Content/Functions/Engine_MaterialFunctions01/Shading/PowerToRoughness.uasset" 289
"../../../Engine/Content/Functions/Engine_MaterialFunctions01/Shading/PowerToRoughness.uexp" 290
"../../../Engine/Content/Maps/Templates/Thumbnails/Default.uasset" 291
"../../../Engine/Content/Maps/Templates/Thumbnails/Default.uexp" 292
"../../../Engine/Content/Maps/Templates/Thumbnails/TimeOfDay.uasset" 293
"../../../Engine/Content/Maps/Templates/Thumbnails/TimeOfDay.uexp" 294
"../../../Engine/Content/Maps/Templates/Thumbnails/VR-Basic.uasset" 295
"../../../Engine/Content/Maps/Templates/Thumbnails/VR-Basic.uexp" 296
"../../../Engine/Content/MobileResources/T_MobileControls_texture.uasset" 297
"../../../Engine/Content/MobileResources/T_MobileControls_texture.uexp" 298
"../../../Engine/Content/MobileResources/T_MobileMenu2.uasset" 299
"../../../Engine/Content/MobileResources/T_MobileMenu2.uexp" 300
"../../../Engine/Content/MobileResources/HUD/AnalogHat.uasset" 301
"../../../Engine/Content/MobileResources/HUD/AnalogHat.uexp" 302
"../../../Engine/Content/MobileResources/HUD/VirtualJoystick_Background.uasset" 303
"../../../Engine/Content/MobileResources/HUD/VirtualJoystick_Background.uexp" 304
"../../../Engine/Content/MobileResources/HUD/VirtualJoystick_Thumb.uasset" 305
"../../../Engine/Content/MobileResources/HUD/VirtualJoystick_Thumb.uexp" 306
"../../../Engine/Content/MobileResources/HUD/DefaultVirtualJoysticks.uasset" 307
"../../../Engine/Content/MobileResources/HUD/DefaultVirtualJoysticks.uexp" 308
"../../../Engine/Content/MobileResources/HUD/LeftVirtualJoystickOnly.uasset" 309
"../../../Engine/Content/MobileResources/HUD/LeftVirtualJoystickOnly.uexp" 310
"../../../Engine/Content/MobileResources/HUD/MobileHUDButton1_off.uasset" 311
"../../../Engine/Content/MobileResources/HUD/MobileHUDButton1_off.uexp" 312
"../../../Engine/Content/MobileResources/HUD/MobileHUDButton1_on.uasset" 313
"../../../Engine/Content/MobileResources/HUD/MobileHUDButton1_on.uexp" 314
"../../../Engine/Content/MobileResources/HUD/MobileHUDButton2_off.uasset" 315
"../../../Engine/Content/MobileResources/HUD/MobileHUDButton2_off.uexp" 316
"../../../Engine/Content/MobileResources/HUD/MobileHUDButton2_on.uasset" 317
"../../../Engine/Content/MobileResources/HUD/MobileHUDButton2_on.uexp" 318
"../../../Engine/Content/MobileResources/HUD/MobileHUDButton3.uasset" 319
"../../../Engine/Content/MobileResources/HUD/MobileHUDButton3.uexp" 320
"../../../Engine/Content/MobileResources/HUD/MobileHUDButtonFire.uasset" 321
"../../../Engine/Content/MobileResources/HUD/MobileHUDButtonFire.uexp" 322
"../../../Engine/Content/MobileResources/HUD/MobileHUDDirectionPad.uasset" 323
"../../../Engine/Content/MobileResources/HUD/MobileHUDDirectionPad.uexp" 324
"../../../Engine/Content/MobileResources/HUD/MobileHUDDirectionPad2.uasset" 325
"../../../Engine/Content/MobileResources/HUD/MobileHUDDirectionPad2.uexp" 326
"../../../Engine/Content/MobileResources/HUD/MobileHUDDirectionPad3.uasset" 327
"../../../Engine/Content/MobileResources/HUD/MobileHUDDirectionPad3.uexp" 328
"../../../Engine/Content/MobileResources/HUD/MobileHUDDirectionStick.uasset" 329
"../../../Engine/Content/MobileResources/HUD/MobileHUDDirectionStick.uexp" 330
"../../../Engine/Content/MobileResources/HUD/T_Castle_ThumbstickInner.uasset" 331
"../../../Engine/Content/MobileResources/HUD/T_Castle_ThumbstickInner.uexp" 332
"../../../Engine/Content/MobileResources/HUD/T_Castle_ThumbstickOutter.uasset" 333
"../../../Engine/Content/MobileResources/HUD/T_Castle_ThumbstickOutter.uexp" 334
"../../../Engine/Content/Tutorial/ContentIntroCurve.uasset" 335
"../../../Engine/Content/Tutorial/ContentIntroCurve.uexp" 336
"../../../Engine/Content/Tutorial/Landscape/TutorialAssets/Landscape.uasset" 337
"../../../Engine/Content/Tutorial/Landscape/TutorialAssets/Landscape.uexp" 338
"../../../Engine/Content/EditorBlueprintResources/StandardMacros.uasset" 339
"../../../Engine/Content/EditorBlueprintResources/StandardMacros.uexp" 340
"../../../Engine/Content/VREditor/LaserPointer/VR_LaserPower_01.uasset" 341
"../../../Engine/Content/VREditor/LaserPointer/VR_LaserPower_01.uexp" 342
"../../../Engine/Content/VREditor/LaserPointer/VR_LaserPower_01.ubulk" 343
"../../../Engine/Content/VREditor/TransformGizmo/TransformGizmoMaterial.uasset" 344
"../../../Engine/Content/VREditor/TransformGizmo/TransformGizmoMaterial.uexp" 345
"../../../Engine/Content/VREditor/TransformGizmo/TranslucentTransformGizmoMaterial.uasset" 346
"../../../Engine/Content/VREditor/TransformGizmo/TranslucentTransformGizmoMaterial.uexp" 347
"../../../Engine/Content/VREditor/TransformGizmo/BoundingBoxCorner.uasset" 348
"../../../Engine/Content/VREditor/TransformGizmo/BoundingBoxCorner.uexp" 349
"../../../Engine/Content/VREditor/TransformGizmo/BoundingBoxCorner.ubulk" 350
"../../../Engine/Content/VREditor/TransformGizmo/BoundingBoxEdge.uasset" 351
"../../../Engine/Content/VREditor/TransformGizmo/BoundingBoxEdge.uexp" 352
"../../../Engine/Content/VREditor/TransformGizmo/BoundingBoxEdge.ubulk" 353
"../../../Engine/Content/VREditor/TransformGizmo/PlaneTranslationHandle.uasset" 354
"../../../Engine/Content/VREditor/TransformGizmo/PlaneTranslationHandle.uexp" 355
"../../../Engine/Content/VREditor/TransformGizmo/PlaneTranslationHandle.ubulk" 356
"../../../Engine/Content/VREditor/TransformGizmo/Main.uasset" 357
"../../../Engine/Content/VREditor/TransformGizmo/Main.uexp" 358
"../../../Engine/Content/VREditor/TransformGizmo/Xray.uasset" 359
"../../../Engine/Content/VREditor/TransformGizmo/Xray.uexp" 360
"../../../Engine/Content/VREditor/TransformGizmo/SM_Sequencer_Key.uasset" 361
"../../../Engine/Content/VREditor/TransformGizmo/SM_Sequencer_Key.uexp" 362
"../../../Engine/Content/VREditor/TransformGizmo/SM_Sequencer_Key.ubulk" 363
"../../../Engine/Content/VREditor/TransformGizmo/SM_Sequencer_Node.uasset" 364
"../../../Engine/Content/VREditor/TransformGizmo/SM_Sequencer_Node.uexp" 365
"../../../Engine/Content/VREditor/TransformGizmo/SM_Sequencer_Node.ubulk" 366
"../../../Engine/Plugins/2D/Paper2D/Content/PlaceholderTextures/DummySpriteTexture.uasset" 367
"../../../Engine/Plugins/2D/Paper2D/Content/PlaceholderTextures/DummySpriteTexture.uexp" 368
"../../../Engine/Plugins/2D/Paper2D/Content/PlaceholderTextures/DummySpriteTexture.ubulk" 369
"../../../Engine/Plugins/2D/Paper2D/Content/DummySprite.uasset" 370
"../../../Engine/Plugins/2D/Paper2D/Content/DummySprite.uexp" 371
"../../../Engine/Plugins/2D/Paper2D/Content/DefaultPaperTerrainMaterial.uasset" 372
"../../../Engine/Plugins/2D/Paper2D/Content/DefaultPaperTerrainMaterial.uexp" 373
"../../../Engine/Plugins/2D/Paper2D/Content/DefaultSpriteMaterial.uasset" 374
"../../../Engine/Plugins/2D/Paper2D/Content/DefaultSpriteMaterial.uexp" 375
"../../../Engine/Plugins/2D/Paper2D/Content/MaskedUnlitSpriteMaterial.uasset" 376
"../../../Engine/Plugins/2D/Paper2D/Content/MaskedUnlitSpriteMaterial.uexp" 377
"../../../Engine/Plugins/2D/Paper2D/Content/OpaqueUnlitSpriteMaterial.uasset" 378
"../../../Engine/Plugins/2D/Paper2D/Content/OpaqueUnlitSpriteMaterial.uexp" 379
"../../../Engine/Content/EngineResources/DefaultTexture.uasset" 380
"../../../Engine/Content/EngineResources/DefaultTexture.uexp" 381
"../../../Engine/Content/EngineResources/DefaultTexture.ubulk" 382
"../../../Engine/Plugins/Editor/SpeedTreeImporter/Content/SpeedTree9/game_wind_noise.uasset" 383
"../../../Engine/Plugins/Editor/SpeedTreeImporter/Content/SpeedTree9/game_wind_noise.uexp" 384
"../../../Engine/Plugins/Editor/SpeedTreeImporter/Content/SpeedTree9/game_wind_noise.ubulk" 385
"../../../Engine/Plugins/Editor/SpeedTreeImporter/Content/SpeedTree9/SpeedTreeBillboard.uasset" 386
"../../../Engine/Plugins/Editor/SpeedTreeImporter/Content/SpeedTree9/SpeedTreeBillboard.uexp" 387
"../../../Engine/Content/Functions/Engine_MaterialFunctions02/SafeNormalize.uasset" 388
"../../../Engine/Content/Functions/Engine_MaterialFunctions02/SafeNormalize.uexp" 389
"../../../Engine/Plugins/Editor/SpeedTreeImporter/Content/SpeedTree9/SpeedTreeWindMotion.uasset" 390
"../../../Engine/Plugins/Editor/SpeedTreeImporter/Content/SpeedTree9/SpeedTreeWindMotion.uexp" 391
"../../../Engine/Plugins/Editor/SpeedTreeImporter/Content/SpeedTree9/UnpackDirection.uasset" 392
"../../../Engine/Plugins/Editor/SpeedTreeImporter/Content/SpeedTree9/UnpackDirection.uexp" 393
"../../../Engine/Plugins/Editor/SpeedTreeImporter/Content/SpeedTree9/UnpackInteger3.uasset" 394
"../../../Engine/Plugins/Editor/SpeedTreeImporter/Content/SpeedTree9/UnpackInteger3.uexp" 395
"../../../Engine/Plugins/Editor/SpeedTreeImporter/Content/SpeedTree9/SpeedTreeBranchMotion.uasset" 396
"../../../Engine/Plugins/Editor/SpeedTreeImporter/Content/SpeedTree9/SpeedTreeBranchMotion.uexp" 397
"../../../Engine/Content/Functions/Engine_MaterialFunctions02/ObjectLocalBounds.uasset" 398
"../../../Engine/Content/Functions/Engine_MaterialFunctions02/ObjectLocalBounds.uexp" 399
"../../../Engine/Content/Functions/Engine_MaterialFunctions02/UVs/BoundingBoxBased_0-1_UVW.uasset" 400
"../../../Engine/Content/Functions/Engine_MaterialFunctions02/UVs/BoundingBoxBased_0-1_UVW.uexp" 401
"../../../Engine/Plugins/Editor/SpeedTreeImporter/Content/SpeedTree9/SpeedTreeWind.uasset" 402
"../../../Engine/Plugins/Editor/SpeedTreeImporter/Content/SpeedTree9/SpeedTreeWind.uexp" 403
"../../../Engine/Plugins/Editor/SpeedTreeImporter/Content/SpeedTree9/SpeedTreeBillboardMaster.uasset" 404
"../../../Engine/Plugins/Editor/SpeedTreeImporter/Content/SpeedTree9/SpeedTreeBillboardMaster.uexp" 405
"../../../Engine/Plugins/Editor/SpeedTreeImporter/Content/SpeedTree9/SpeedTreeCameraFacing.uasset" 406
"../../../Engine/Plugins/Editor/SpeedTreeImporter/Content/SpeedTree9/SpeedTreeCameraFacing.uexp" 407
"../../../Engine/Plugins/Editor/SpeedTreeImporter/Content/SpeedTree9/SpeedTreeMaster.uasset" 408
"../../../Engine/Plugins/Editor/SpeedTreeImporter/Content/SpeedTree9/SpeedTreeMaster.uexp" 409
"../../../Engine/Content/ArtTools/RenderToTexture/Materials/Debug/M_Emissive_Color.uasset" 410
"../../../Engine/Content/ArtTools/RenderToTexture/Materials/Debug/M_Emissive_Color.uexp" 411
"../../../Engine/Content/BasicShapes/Cylinder.uasset" 412
"../../../Engine/Content/BasicShapes/Cylinder.uexp" 413
"../../../Engine/Content/BasicShapes/Cylinder.ubulk" 414
"../../../Engine/Plugins/Lumin/MagicLeapPassableWorld/Content/MagicLeapARPinInfoActor.uasset" 415
"../../../Engine/Plugins/Lumin/MagicLeapPassableWorld/Content/MagicLeapARPinInfoActor.uexp" 416
"../../../Engine/Plugins/Runtime/HairStrands/Content/Materials/HairCardsDefaultMaterial.uasset" 417
"../../../Engine/Plugins/Runtime/HairStrands/Content/Materials/HairCardsDefaultMaterial.uexp" 418
"../../../Engine/Content/EngineMaterials/HairDebugColor.uasset" 419
"../../../Engine/Content/EngineMaterials/HairDebugColor.uexp" 420
"../../../Engine/Content/EngineMaterials/HairColorMap.uasset" 421
"../../../Engine/Content/EngineMaterials/HairColorMap.uexp" 422
"../../../Engine/Plugins/Runtime/HairStrands/Content/Materials/HairDebugMaterial.uasset" 423
"../../../Engine/Plugins/Runtime/HairStrands/Content/Materials/HairDebugMaterial.uexp" 424
"../../../Engine/Plugins/Runtime/HairStrands/Content/Materials/HairDefaultMaterial.uasset" 425
"../../../Engine/Plugins/Runtime/HairStrands/Content/Materials/HairDefaultMaterial.uexp" 426
"../../../Engine/Plugins/Runtime/HairStrands/Content/Materials/HairMeshesDefaultMaterial.uasset" 427
"../../../Engine/Plugins/Runtime/HairStrands/Content/Materials/HairMeshesDefaultMaterial.uexp" 428
"../../../Engine/Plugins/Experimental/Water/Content/Curves/FloatCurve_WaterBodyIsland.uasset" 429
"../../../Engine/Plugins/Experimental/Water/Content/Curves/FloatCurve_WaterBodyIsland.uexp" 430
"../../../Engine/Plugins/Experimental/Water/Content/Icons/WaterBodyCustomSprite.uasset" 431
"../../../Engine/Plugins/Experimental/Water/Content/Icons/WaterBodyCustomSprite.uexp" 432
"../../../Engine/Plugins/Experimental/Water/Content/Icons/WaterBodyExclusionVolumeSprite.uasset" 433
"../../../Engine/Plugins/Experimental/Water/Content/Icons/WaterBodyExclusionVolumeSprite.uexp" 434
"../../../Engine/Plugins/Experimental/Water/Content/Icons/WaterBodyIslandSprite.uasset" 435
"../../../Engine/Plugins/Experimental/Water/Content/Icons/WaterBodyIslandSprite.uexp" 436
"../../../Engine/Plugins/Experimental/Water/Content/Icons/WaterBodyLakeSprite.uasset" 437
"../../../Engine/Plugins/Experimental/Water/Content/Icons/WaterBodyLakeSprite.uexp" 438
"../../../Engine/Plugins/Experimental/Water/Content/Icons/WaterBodyOceanSprite.uasset" 439
"../../../Engine/Plugins/Experimental/Water/Content/Icons/WaterBodyOceanSprite.uexp" 440
"../../../Engine/Plugins/Experimental/Water/Content/Icons/WaterBodyRiverSprite.uasset" 441
"../../../Engine/Plugins/Experimental/Water/Content/Icons/WaterBodyRiverSprite.uexp" 442
"../../../Engine/Plugins/Experimental/Water/Content/Icons/WaterErrorSprite.uasset" 443
"../../../Engine/Plugins/Experimental/Water/Content/Icons/WaterErrorSprite.uexp" 444
"../../../Engine/Plugins/Experimental/Water/Content/Icons/WaterErrorSprite.ubulk" 445
"../../../Engine/Plugins/Experimental/Water/Content/Icons/WaterLandscapeBrushSprite.uasset" 446
"../../../Engine/Plugins/Experimental/Water/Content/Icons/WaterLandscapeBrushSprite.uexp" 447
"../../../Engine/Plugins/Experimental/Water/Content/Icons/WaterLandscapeBrushSprite.ubulk" 448
"../../../Engine/Plugins/Experimental/Water/Content/Icons/WaterMeshActorSprite.uasset" 449
"../../../Engine/Plugins/Experimental/Water/Content/Icons/WaterMeshActorSprite.uexp" 450
"../../../Engine/Plugins/Experimental/Water/Content/Icons/WaterMeshActorSprite.ubulk" 451
"../../../Engine/Plugins/Experimental/Water/Content/Icons/WaterSprite.uasset" 452
"../../../Engine/Plugins/Experimental/Water/Content/Icons/WaterSprite.uexp" 453
"../../../Engine/Plugins/Experimental/Water/Content/Meshes/RiverMesh.uasset" 454
"../../../Engine/Plugins/Experimental/Water/Content/Meshes/RiverMesh.uexp" 455
"../../../Engine/Plugins/Experimental/Water/Content/Meshes/RiverMesh.ubulk" 456
"../../../Engine/Plugins/Experimental/Water/Content/Waves/GerstnerWaves_Lake.uasset" 457
"../../../Engine/Plugins/Experimental/Water/Content/Waves/GerstnerWaves_Lake.uexp" 458
"../../../Engine/Content/EngineResources/GradientTexture0.uasset" 459
"../../../Engine/Content/EngineResources/GradientTexture0.uexp" 460
"O:/UnrealProjects/FishPersonSimulator/Content/Sounds/SC_SFX.uasset" 461
"O:/UnrealProjects/FishPersonSimulator/Content/Sounds/SC_SFX.uexp" 462
"O:/UnrealProjects/FishPersonSimulator/Content/Sounds/SC_UI.uasset" 463
"O:/UnrealProjects/FishPersonSimulator/Content/Sounds/SC_UI.uexp" 464
"O:/UnrealProjects/FishPersonSimulator/Content/Sounds/SC_Music.uasset" 465
"O:/UnrealProjects/FishPersonSimulator/Content/Sounds/SC_Music.uexp" 466
"O:/UnrealProjects/FishPersonSimulator/Content/Sounds/MasterSoundMix.uasset" 467
"O:/UnrealProjects/FishPersonSimulator/Content/Sounds/MasterSoundMix.uexp" 468
"O:/UnrealProjects/FishPersonSimulator/Content/FirstPerson/Character/Mesh/SK_Mannequin_Arms_Skeleton.uasset" 469
"O:/UnrealProjects/FishPersonSimulator/Content/FirstPerson/Character/Mesh/SK_Mannequin_Arms_Skeleton.uexp" 470
"O:/UnrealProjects/FishPersonSimulator/Content/FirstPerson/Animations/FirstPerson_Idle.uasset" 471
"O:/UnrealProjects/FishPersonSimulator/Content/FirstPerson/Animations/FirstPerson_Idle.uexp" 472
"O:/UnrealProjects/FishPersonSimulator/Content/FirstPerson/Animations/FirstPerson_JumpEnd.uasset" 473
"O:/UnrealProjects/FishPersonSimulator/Content/FirstPerson/Animations/FirstPerson_JumpEnd.uexp" 474
"O:/UnrealProjects/FishPersonSimulator/Content/FirstPerson/Animations/FirstPerson_JumpLoop.uasset" 475
"O:/UnrealProjects/FishPersonSimulator/Content/FirstPerson/Animations/FirstPerson_JumpLoop.uexp" 476
"O:/UnrealProjects/FishPersonSimulator/Content/FirstPerson/Animations/FirstPerson_Run.uasset" 477
"O:/UnrealProjects/FishPersonSimulator/Content/FirstPerson/Animations/FirstPerson_Run.uexp" 478
"O:/UnrealProjects/FishPersonSimulator/Content/FirstPerson/Animations/FirstPerson_JumpStart.uasset" 479
"O:/UnrealProjects/FishPersonSimulator/Content/FirstPerson/Animations/FirstPerson_JumpStart.uexp" 480
"O:/UnrealProjects/FishPersonSimulator/Content/FirstPerson/Animations/FirstPerson_AnimBP.uasset" 481
"O:/UnrealProjects/FishPersonSimulator/Content/FirstPerson/Animations/FirstPerson_AnimBP.uexp" 482
"../../../Engine/Plugins/Bridge/Content/MSPresets/MSTextures/WhitePlaceholder.uasset" 483
"../../../Engine/Plugins/Bridge/Content/MSPresets/MSTextures/WhitePlaceholder.uexp" 484
"../../../Engine/Content/EngineMaterials/DefaultWhiteGrid.uasset" 485
"../../../Engine/Content/EngineMaterials/DefaultWhiteGrid.uexp" 486
"../../../Engine/Content/EngineMaterials/DefaultWhiteGrid.ubulk" 487
"O:/UnrealProjects/FishPersonSimulator/Content/HUD/CurvedHUD_FX.uasset" 488
"O:/UnrealProjects/FishPersonSimulator/Content/HUD/CurvedHUD_FX.uexp" 489
"O:/UnrealProjects/FishPersonSimulator/Content/HUD/wbp_HUD.uasset" 490
"O:/UnrealProjects/FishPersonSimulator/Content/HUD/wbp_HUD.uexp" 491
"O:/UnrealProjects/FishPersonSimulator/Content/FirstPersonCPP/Blueprints/FirstPersonCharacter.uasset" 492
"O:/UnrealProjects/FishPersonSimulator/Content/FirstPersonCPP/Blueprints/FirstPersonCharacter.uexp" 493
"O:/UnrealProjects/FishPersonSimulator/Content/DefaultSave.uasset" 494
"O:/UnrealProjects/FishPersonSimulator/Content/DefaultSave.uexp" 495
"O:/UnrealProjects/FishPersonSimulator/Content/Blueprints/FPS_Gamemode.uasset" 496
"O:/UnrealProjects/FishPersonSimulator/Content/Blueprints/FPS_Gamemode.uexp" 497
"O:/UnrealProjects/FishPersonSimulator/Content/HUD/menu_rows/wbp_S_AudioRow.uasset" 498
"O:/UnrealProjects/FishPersonSimulator/Content/HUD/menu_rows/wbp_S_AudioRow.uexp" 499
"O:/UnrealProjects/FishPersonSimulator/Content/HUD/wbp_Menu_Audio_Settings.uasset" 500
"O:/UnrealProjects/FishPersonSimulator/Content/HUD/wbp_Menu_Audio_Settings.uexp" 501
"O:/UnrealProjects/FishPersonSimulator/Content/HUD/menu_rows/wbp_S_GraphicsRow.uasset" 502
"O:/UnrealProjects/FishPersonSimulator/Content/HUD/menu_rows/wbp_S_GraphicsRow.uexp" 503
"O:/UnrealProjects/FishPersonSimulator/Content/HUD/wbp_Menu_Graphics_Settings.uasset" 504
"O:/UnrealProjects/FishPersonSimulator/Content/HUD/wbp_Menu_Graphics_Settings.uexp" 505
"O:/UnrealProjects/FishPersonSimulator/Content/HUD/menu_rows/wbp_S_KeybindRow.uasset" 506
"O:/UnrealProjects/FishPersonSimulator/Content/HUD/menu_rows/wbp_S_KeybindRow.uexp" 507
"O:/UnrealProjects/FishPersonSimulator/Content/HUD/wbp_Menu_Keybinds_Settings.uasset" 508
"O:/UnrealProjects/FishPersonSimulator/Content/HUD/wbp_Menu_Keybinds_Settings.uexp" 509
"O:/UnrealProjects/FishPersonSimulator/Content/Sounds/button.uasset" 510
"O:/UnrealProjects/FishPersonSimulator/Content/Sounds/button.uexp" 511
"O:/UnrealProjects/FishPersonSimulator/Content/Sounds/button.ubulk" 512
"O:/UnrealProjects/FishPersonSimulator/Content/HUD/cross_sideway_icon.uasset" 513
"O:/UnrealProjects/FishPersonSimulator/Content/HUD/cross_sideway_icon.uexp" 514
"O:/UnrealProjects/FishPersonSimulator/Content/HUD/cross_sideway_icon.ubulk" 515
"O:/UnrealProjects/FishPersonSimulator/Content/HUD/wbp_MenuWidget.uasset" 516
"O:/UnrealProjects/FishPersonSimulator/Content/HUD/wbp_MenuWidget.uexp" 517
"O:/UnrealProjects/FishPersonSimulator/Content/Maps/Map_Menu.uexp" 518
"O:/UnrealProjects/FishPersonSimulator/Content/Maps/Map_Menu.umap" 519
"O:/UnrealProjects/FishPersonSimulator/Content/Maps/Map_PlayLevel_sharedassets/DrySand_LayerInfo.uasset" 520
"O:/UnrealProjects/FishPersonSimulator/Content/Maps/Map_PlayLevel_sharedassets/DrySand_LayerInfo.uexp" 521
"../../../Engine/Plugins/Experimental/Water/Content/Curves/FloatCurve.uasset" 522
"../../../Engine/Plugins/Experimental/Water/Content/Curves/FloatCurve.uexp" 523
"O:/UnrealProjects/FishPersonSimulator/Content/Maps/Map_PlayLevel_sharedassets/WetSand_LayerInfo.uasset" 524
"O:/UnrealProjects/FishPersonSimulator/Content/Maps/Map_PlayLevel_sharedassets/WetSand_LayerInfo.uexp" 525
"../../../Engine/Content/EngineResources/Black.uasset" 526
"../../../Engine/Content/EngineResources/Black.uexp" 527
"../../../Engine/Plugins/Experimental/Landmass/Content/Landscape/BlueprintBrushes/MPC/MPC_Landscape.uasset" 528
"../../../Engine/Plugins/Experimental/Landmass/Content/Landscape/BlueprintBrushes/MPC/MPC_Landscape.uexp" 529
"../../../Engine/Plugins/Experimental/Landmass/Content/Landscape/BlueprintBrushes/MF/PointSampleLandscapeUVs.uasset" 530
"../../../Engine/Plugins/Experimental/Landmass/Content/Landscape/BlueprintBrushes/MF/PointSampleLandscapeUVs.uexp" 531
"../../../Engine/Plugins/Experimental/Landmass/Content/Landscape/BlueprintBrushes/MF/ReadCachedDistanceField.uasset" 532
"../../../Engine/Plugins/Experimental/Landmass/Content/Landscape/BlueprintBrushes/MF/ReadCachedDistanceField.uexp" 533
"../../../Engine/Content/MapTemplates/TilingNoise05.uasset" 534
"../../../Engine/Content/MapTemplates/TilingNoise05.uexp" 535
"../../../Engine/Content/MapTemplates/TilingNoise05.ubulk" 536
"../../../Engine/Plugins/Experimental/Water/Content/Materials/Brushes/MeshBrush_Weightmap.uasset" 537
"../../../Engine/Plugins/Experimental/Water/Content/Materials/Brushes/MeshBrush_Weightmap.uexp" 538
"../../../Engine/Content/EngineResources/Black_Low.uasset" 539
"../../../Engine/Content/EngineResources/Black_Low.uexp" 540
"../../../Engine/Plugins/Experimental/Landmass/Content/Landscape/BlueprintBrushes/MF/PackRG8Height.uasset" 541
"../../../Engine/Plugins/Experimental/Landmass/Content/Landscape/BlueprintBrushes/MF/PackRG8Height.uexp" 542
"../../../Engine/Plugins/Experimental/Landmass/Content/Landscape/Mats/MF/UnpackRG8Height.uasset" 543
"../../../Engine/Plugins/Experimental/Landmass/Content/Landscape/Mats/MF/UnpackRG8Height.uexp" 544
"../../../Engine/Plugins/Experimental/Landmass/Content/Landscape/Mats/MF/BrushAlphaMask.uasset" 545
"../../../Engine/Plugins/Experimental/Landmass/Content/Landscape/Mats/MF/BrushAlphaMask.uexp" 546
"../../../Engine/Plugins/Experimental/Landmass/Content/Landscape/Mats/MF/BrushBlendModes.uasset" 547
"../../../Engine/Plugins/Experimental/Landmass/Content/Landscape/Mats/MF/BrushBlendModes.uexp" 548
"../../../Engine/Content/Functions/Engine_MaterialFunctions01/ImageAdjustment/SCurve.uasset" 549
"../../../Engine/Content/Functions/Engine_MaterialFunctions01/ImageAdjustment/SCurve.uexp" 550
"../../../Engine/Plugins/Experimental/Landmass/Content/Landscape/Mats/MF/BrushDisplaceMask.uasset" 551
"../../../Engine/Plugins/Experimental/Landmass/Content/Landscape/Mats/MF/BrushDisplaceMask.uexp" 552
"../../../Engine/Plugins/Experimental/Landmass/Content/Landscape/Mats/MF/SmoothTerracing.uasset" 553
"../../../Engine/Plugins/Experimental/Landmass/Content/Landscape/Mats/MF/SmoothTerracing.uexp" 554
"../../../Engine/Content/Functions/Engine_MaterialFunctions01/Math/SmoothCeil.uasset" 555
"../../../Engine/Content/Functions/Engine_MaterialFunctions01/Math/SmoothCeil.uexp" 556
"../../../Engine/Plugins/Experimental/Landmass/Content/Landscape/Mats/MF/BrushTerracing.uasset" 557
"../../../Engine/Plugins/Experimental/Landmass/Content/Landscape/Mats/MF/BrushTerracing.uexp" 558
"../../../Engine/Content/Functions/Engine_MaterialFunctions02/WorldPositionOffset/GenerateASpline.uasset" 559
"../../../Engine/Content/Functions/Engine_MaterialFunctions02/WorldPositionOffset/GenerateASpline.uexp" 560
"../../../Engine/Plugins/Experimental/Landmass/Content/Landscape/Mats/MF/CatmullRomTexture.uasset" 561
"../../../Engine/Plugins/Experimental/Landmass/Content/Landscape/Mats/MF/CatmullRomTexture.uexp" 562
"../../../Engine/Plugins/Experimental/Landmass/Content/Landscape/Mats/MF/SmoothIntersections.uasset" 563
"../../../Engine/Plugins/Experimental/Landmass/Content/Landscape/Mats/MF/SmoothIntersections.uexp" 564
"../../../Engine/Plugins/Experimental/Water/Content/Materials/Brushes/MeshBrush_Width.uasset" 565
"../../../Engine/Plugins/Experimental/Water/Content/Materials/Brushes/MeshBrush_Width.uexp" 566
"O:/UnrealProjects/FishPersonSimulator/Content/Megascans/Surfaces/Rippled_Sand_2x2m_vd3lecfs/T_Rippled_Sand_2x2m_vd3lecfs_2K_N.uasset" 567
"O:/UnrealProjects/FishPersonSimulator/Content/Megascans/Surfaces/Rippled_Sand_2x2m_vd3lecfs/T_Rippled_Sand_2x2m_vd3lecfs_2K_N.uexp" 568
"O:/UnrealProjects/FishPersonSimulator/Content/Megascans/Surfaces/Rippled_Sand_2x2m_vd3lecfs/T_Rippled_Sand_2x2m_vd3lecfs_2K_N.ubulk" 569
"../../../Engine/Content/EngineMaterials/RandomAngles.uasset" 570
"../../../Engine/Content/EngineMaterials/RandomAngles.uexp" 571
"O:/UnrealProjects/FishPersonSimulator/Content/Megascans/Surfaces/Rippled_Sand_2x2m_vd3lecfs/T_Rippled_Sand_2x2m_vd3lecfs_2K_D.uasset" 572
"O:/UnrealProjects/FishPersonSimulator/Content/Megascans/Surfaces/Rippled_Sand_2x2m_vd3lecfs/T_Rippled_Sand_2x2m_vd3lecfs_2K_D.uexp" 573
"O:/UnrealProjects/FishPersonSimulator/Content/Megascans/Surfaces/Rippled_Sand_2x2m_vd3lecfs/T_Rippled_Sand_2x2m_vd3lecfs_2K_D.ubulk" 574
"O:/UnrealProjects/FishPersonSimulator/Content/Megascans/Surfaces/Thai_Rippled_Sand_2x2_M_td1hcimn/T_Thai_Rippled_Sand_2x2_M_td1hcimn_2K_D.uasset" 575
"O:/UnrealProjects/FishPersonSimulator/Content/Megascans/Surfaces/Thai_Rippled_Sand_2x2_M_td1hcimn/T_Thai_Rippled_Sand_2x2_M_td1hcimn_2K_D.uexp" 576
"O:/UnrealProjects/FishPersonSimulator/Content/Megascans/Surfaces/Thai_Rippled_Sand_2x2_M_td1hcimn/T_Thai_Rippled_Sand_2x2_M_td1hcimn_2K_D.ubulk" 577
"O:/UnrealProjects/FishPersonSimulator/Content/Megascans/Surfaces/Thai_Rippled_Sand_2x2_M_td1hcimn/T_Thai_Rippled_Sand_2x2_M_td1hcimn_2K_N.uasset" 578
"O:/UnrealProjects/FishPersonSimulator/Content/Megascans/Surfaces/Thai_Rippled_Sand_2x2_M_td1hcimn/T_Thai_Rippled_Sand_2x2_M_td1hcimn_2K_N.uexp" 579
"O:/UnrealProjects/FishPersonSimulator/Content/Megascans/Surfaces/Thai_Rippled_Sand_2x2_M_td1hcimn/T_Thai_Rippled_Sand_2x2_M_td1hcimn_2K_N.ubulk" 580
"O:/UnrealProjects/FishPersonSimulator/Content/Megascans/Surfaces/M_LandscapeMaterial.uasset" 581
"O:/UnrealProjects/FishPersonSimulator/Content/Megascans/Surfaces/M_LandscapeMaterial.uexp" 582
"O:/UnrealProjects/FishPersonSimulator/Content/Megascans/Surfaces/M_LandscapeMaterial_Inst.uasset" 583
"O:/UnrealProjects/FishPersonSimulator/Content/Megascans/Surfaces/M_LandscapeMaterial_Inst.uexp" 584
"../../../Engine/Plugins/Experimental/Water/Content/Materials/MPC/MPC_Water.uasset" 585
"../../../Engine/Plugins/Experimental/Water/Content/Materials/MPC/MPC_Water.uexp" 586
"../../../Engine/Plugins/Experimental/Water/Content/Materials/Functions/HighQualityTextureFiltering.uasset" 587
"../../../Engine/Plugins/Experimental/Water/Content/Materials/Functions/HighQualityTextureFiltering.uexp" 588
"../../../Engine/Content/Functions/Engine_MaterialFunctions02/PivotPainter2/Black_1x1_EXR_Texture.uasset" 589
"../../../Engine/Content/Functions/Engine_MaterialFunctions02/PivotPainter2/Black_1x1_EXR_Texture.uexp" 590
"../../../Engine/Plugins/Experimental/Water/Content/Materials/Functions/WaterBodyData.uasset" 591
"../../../Engine/Plugins/Experimental/Water/Content/Materials/Functions/WaterBodyData.uexp" 592
"../../../Engine/Plugins/Experimental/Water/Content/Materials/Functions/ComputeWavesAttenuationFactor.uasset" 593
"../../../Engine/Plugins/Experimental/Water/Content/Materials/Functions/ComputeWavesAttenuationFactor.uexp" 594
"../../../Engine/Plugins/Experimental/Water/Content/Materials/Functions/WaveDepthFalloff_Overrides.uasset" 595
"../../../Engine/Plugins/Experimental/Water/Content/Materials/Functions/WaveDepthFalloff_Overrides.uexp" 596
"../../../Engine/Plugins/Experimental/Water/Content/Materials/Functions/ComputeGerstnerWaves.uasset" 597
"../../../Engine/Plugins/Experimental/Water/Content/Materials/Functions/ComputeGerstnerWaves.uexp" 598
"../../../Engine/Plugins/Experimental/Water/Content/Materials/Functions/GetWaterTime.uasset" 599
"../../../Engine/Plugins/Experimental/Water/Content/Materials/Functions/GetWaterTime.uexp" 600
"../../../Engine/Content/Functions/Engine_MaterialFunctions02/ExampleContent/DebugNumberStrip.uasset" 601
"../../../Engine/Content/Functions/Engine_MaterialFunctions02/ExampleContent/DebugNumberStrip.uexp" 602
"../../../Engine/Content/Functions/Engine_MaterialFunctions02/ExampleContent/Textures/DebugNumberPeriod.uasset" 603
"../../../Engine/Content/Functions/Engine_MaterialFunctions02/ExampleContent/Textures/DebugNumberPeriod.uexp" 604
"../../../Engine/Content/Functions/Engine_MaterialFunctions01/Texturing/TextureCropping.uasset" 605
"../../../Engine/Content/Functions/Engine_MaterialFunctions01/Texturing/TextureCropping.uexp" 606
"../../../Engine/Content/Functions/Engine_MaterialFunctions01/Texturing/ComputeMipLevel.uasset" 607
"../../../Engine/Content/Functions/Engine_MaterialFunctions01/Texturing/ComputeMipLevel.uexp" 608
"../../../Engine/Content/Functions/Engine_MaterialFunctions02/Utility/DebugScalarValues.uasset" 609
"../../../Engine/Content/Functions/Engine_MaterialFunctions02/Utility/DebugScalarValues.uexp" 610
"../../../Engine/Content/Functions/Engine_MaterialFunctions01/Texturing/ScaleUVsByCenter.uasset" 611
"../../../Engine/Content/Functions/Engine_MaterialFunctions01/Texturing/ScaleUVsByCenter.uexp" 612
"../../../Engine/Content/Functions/Engine_MaterialFunctions02/ScreenResolution.uasset" 613
"../../../Engine/Content/Functions/Engine_MaterialFunctions02/ScreenResolution.uexp" 614
"../../../Engine/Content/Functions/Engine_MaterialFunctions02/Texturing/ScreenAlignedUVs.uasset" 615
"../../../Engine/Content/Functions/Engine_MaterialFunctions02/Texturing/ScreenAlignedUVs.uexp" 616
"../../../Engine/Content/Functions/Engine_MaterialFunctions01/Volumetrics/SchlickPhase.uasset" 617
"../../../Engine/Content/Functions/Engine_MaterialFunctions01/Volumetrics/SchlickPhase.uexp" 618
"../../../Engine/Content/Functions/Engine_MaterialFunctions02/Utility/VectorLength.uasset" 619
"../../../Engine/Content/Functions/Engine_MaterialFunctions02/Utility/VectorLength.uexp" 620
"../../../Engine/Plugins/Experimental/Water/Content/Materials/PostProcessing/M_UnderWater_PostProcess_Volume.uasset" 621
"../../../Engine/Plugins/Experimental/Water/Content/Materials/PostProcessing/M_UnderWater_PostProcess_Volume.uexp" 622
"../../../Engine/Content/Functions/Engine_MaterialFunctions02/TangentBasis.uasset" 623
"../../../Engine/Content/Functions/Engine_MaterialFunctions02/TangentBasis.uexp" 624
"../../../Engine/Plugins/Experimental/Landmass/Content/Landscape/BlueprintBrushes/Materials/RenderSplineDepths.uasset" 625
"../../../Engine/Plugins/Experimental/Landmass/Content/Landscape/BlueprintBrushes/Materials/RenderSplineDepths.uexp" 626
"../../../Engine/Plugins/Experimental/Landmass/Content/Landscape/BlueprintBrushes/MF/LocalizeLandscapeZValue.uasset" 627
"../../../Engine/Plugins/Experimental/Landmass/Content/Landscape/BlueprintBrushes/MF/LocalizeLandscapeZValue.uexp" 628
"../../../Engine/Plugins/Experimental/Water/Content/Materials/Brushes/CompositeWaterBodyTexture.uasset" 629
"../../../Engine/Plugins/Experimental/Water/Content/Materials/Brushes/CompositeWaterBodyTexture.uexp" 630
"../../../Engine/Plugins/Experimental/Landmass/Content/Landscape/BlueprintBrushes/MF/UnpackRG8Height.uasset" 631
"../../../Engine/Plugins/Experimental/Landmass/Content/Landscape/BlueprintBrushes/MF/UnpackRG8Height.uexp" 632
"../../../Engine/Plugins/Experimental/Water/Content/Materials/Brushes/FinalizeWaterTexture.uasset" 633
"../../../Engine/Plugins/Experimental/Water/Content/Materials/Brushes/FinalizeWaterTexture.uexp" 634
"../../../Engine/Plugins/Experimental/Landmass/Content/Landscape/Curves/DynamicCurve_RT.uasset" 635
"../../../Engine/Plugins/Experimental/Landmass/Content/Landscape/Curves/DynamicCurve_RT.uexp" 636
"../../../Engine/Plugins/Experimental/Landmass/Content/Landscape/BlueprintBrushes/MF/BrushBlendModes.uasset" 637
"../../../Engine/Plugins/Experimental/Landmass/Content/Landscape/BlueprintBrushes/MF/BrushBlendModes.uexp" 638
"../../../Engine/Plugins/Experimental/Water/Content/Materials/Brushes/MeshBrush_Island.uasset" 639
"../../../Engine/Plugins/Experimental/Water/Content/Materials/Brushes/MeshBrush_Island.uexp" 640
"../../../Engine/Plugins/Experimental/Landmass/Content/Landscape/BlueprintBrushes/MF/BrushDisplaceMask.uasset" 641
"../../../Engine/Plugins/Experimental/Landmass/Content/Landscape/BlueprintBrushes/MF/BrushDisplaceMask.uexp" 642
"../../../Engine/Plugins/Experimental/Landmass/Content/Landscape/BlueprintBrushes/MF/BrushTerracing.uasset" 643
"../../../Engine/Plugins/Experimental/Landmass/Content/Landscape/BlueprintBrushes/MF/BrushTerracing.uexp" 644
"../../../Engine/Plugins/Experimental/Landmass/Content/Landscape/BlueprintBrushes/MF/SmoothIntersections.uasset" 645
"../../../Engine/Plugins/Experimental/Landmass/Content/Landscape/BlueprintBrushes/MF/SmoothIntersections.uexp" 646
"../../../Engine/Plugins/Experimental/Landmass/Content/Landscape/BlueprintBrushes/MF/BrushAlphaMask.uasset" 647
"../../../Engine/Plugins/Experimental/Landmass/Content/Landscape/BlueprintBrushes/MF/BrushAlphaMask.uexp" 648
"../../../Engine/Plugins/Experimental/Water/Content/Materials/Brushes/MeshBrush_Angle.uasset" 649
"../../../Engine/Plugins/Experimental/Water/Content/Materials/Brushes/MeshBrush_Angle.uexp" 650
"../../../Engine/Plugins/Experimental/Landmass/Content/Landscape/Mats/MPC/MPC_Erosion.uasset" 651
"../../../Engine/Plugins/Experimental/Landmass/Content/Landscape/Mats/MPC/MPC_Erosion.uexp" 652
"../../../Engine/Plugins/Experimental/Landmass/Content/Landscape/BlueprintBrushes/MF/SampleDistanceField.uasset" 653
"../../../Engine/Plugins/Experimental/Landmass/Content/Landscape/BlueprintBrushes/MF/SampleDistanceField.uexp" 654
"../../../Engine/Plugins/Experimental/Landmass/Content/Landscape/BlueprintBrushes/Materials/CacheDistanceField.uasset" 655
"../../../Engine/Plugins/Experimental/Landmass/Content/Landscape/BlueprintBrushes/Materials/CacheDistanceField.uexp" 656
"../../../Engine/Plugins/Experimental/Water/Content/Materials/Brushes/CanvasDrawing.uasset" 657
"../../../Engine/Plugins/Experimental/Water/Content/Materials/Brushes/CanvasDrawing.uexp" 658
"../../../Engine/Plugins/Experimental/Landmass/Content/DistanceFields/Materials/JumpFloodStep.uasset" 659
"../../../Engine/Plugins/Experimental/Landmass/Content/DistanceFields/Materials/JumpFloodStep.uexp" 660
"../../../Engine/Plugins/Experimental/Landmass/Content/Landscape/Textures/LS_Debug_RT_01.uasset" 661
"../../../Engine/Plugins/Experimental/Landmass/Content/Landscape/Textures/LS_Debug_RT_01.uexp" 662
"../../../Engine/Plugins/Experimental/Landmass/Content/DistanceFields/Materials/DetectEdges.uasset" 663
"../../../Engine/Plugins/Experimental/Landmass/Content/DistanceFields/Materials/DetectEdges.uexp" 664
"../../../Engine/Plugins/Experimental/Landmass/Content/DistanceFields/Materials/BlurEdges.uasset" 665
"../../../Engine/Plugins/Experimental/Landmass/Content/DistanceFields/Materials/BlurEdges.uexp" 666
"O:/UnrealProjects/FishPersonSimulator/Content/Maps/Map_PlayLevel_BuiltData.uasset" 667
"O:/UnrealProjects/FishPersonSimulator/Content/Maps/Map_PlayLevel_BuiltData.uexp" 668
"O:/UnrealProjects/FishPersonSimulator/Content/Maps/Map_PlayLevel_BuiltData.ubulk" 669
"../../../Engine/Content/EngineMaterials/DefaultNormal.uasset" 670
"../../../Engine/Content/EngineMaterials/DefaultNormal.uexp" 671
"../../../Engine/Content/EngineMaterials/DefaultNormal.ubulk" 672
"../../../Engine/Content/Functions/Engine_MaterialFunctions01/Texturing/FlattenNormal.uasset" 673
"../../../Engine/Content/Functions/Engine_MaterialFunctions01/Texturing/FlattenNormal.uexp" 674
"../../../Engine/Content/Functions/Engine_MaterialFunctions02/Math/Transform3x3Matrix.uasset" 675
"../../../Engine/Content/Functions/Engine_MaterialFunctions02/Math/Transform3x3Matrix.uexp" 676
"../../../Engine/Plugins/Experimental/Water/Content/Textures/Normals/T_Water_TilingNormal_With_Height_02_Softened.uasset" 677
"../../../Engine/Plugins/Experimental/Water/Content/Textures/Normals/T_Water_TilingNormal_With_Height_02_Softened.uexp" 678
"../../../Engine/Plugins/Experimental/Water/Content/Textures/Normals/T_Water_TilingNormal_With_Height_02_Softened.ubulk" 679
"../../../Engine/Plugins/Experimental/Water/Content/Caustics/Materials/Functions/GetDistortionUV.uasset" 680
"../../../Engine/Plugins/Experimental/Water/Content/Caustics/Materials/Functions/GetDistortionUV.uexp" 681
"../../../Engine/Plugins/Experimental/Water/Content/Materials/Functions/WorldNormalBehindWater.uasset" 682
"../../../Engine/Plugins/Experimental/Water/Content/Materials/Functions/WorldNormalBehindWater.uexp" 683
"../../../Engine/Plugins/Experimental/Water/Content/Materials/Functions/WorldPositionBehindWater.uasset" 684
"../../../Engine/Plugins/Experimental/Water/Content/Materials/Functions/WorldPositionBehindWater.uexp" 685
"../../../Engine/Plugins/Experimental/Water/Content/Caustics/Materials/Functions/WaterCaustics_GerstnerWaves.uasset" 686
"../../../Engine/Plugins/Experimental/Water/Content/Caustics/Materials/Functions/WaterCaustics_GerstnerWaves.uexp" 687
"../../../Engine/Plugins/Experimental/Water/Content/FluidSimulation/Materials/Functions/Fluidsim_WorldPosition_to_UV.uasset" 688
"../../../Engine/Plugins/Experimental/Water/Content/FluidSimulation/Materials/Functions/Fluidsim_WorldPosition_to_UV.uexp" 689
"../../../Engine/Plugins/Experimental/Water/Content/Materials/Functions/Water_Underside.uasset" 690
"../../../Engine/Plugins/Experimental/Water/Content/Materials/Functions/Water_Underside.uexp" 691
"../../../Engine/Content/Functions/Engine_MaterialFunctions02/Math/TimeWithSpeedVariable.uasset" 692
"../../../Engine/Content/Functions/Engine_MaterialFunctions02/Math/TimeWithSpeedVariable.uexp" 693
"../../../Engine/Plugins/Experimental/Water/Content/Materials/Functions/WaterTextureWaves.uasset" 694
"../../../Engine/Plugins/Experimental/Water/Content/Materials/Functions/WaterTextureWaves.uexp" 695
"../../../Engine/Plugins/Experimental/Water/Content/Materials/Functions/WaterTextureSurface.uasset" 696
"../../../Engine/Plugins/Experimental/Water/Content/Materials/Functions/WaterTextureSurface.uexp" 697
"../../../Engine/Plugins/Experimental/Water/Content/Materials/Layers/WaterAttributes.uasset" 698
"../../../Engine/Plugins/Experimental/Water/Content/Materials/Layers/WaterAttributes.uexp" 699
"../../../Engine/Plugins/Experimental/Water/Content/FluidSimulation/WaveFoam/WaterDistanceField.uasset" 700
"../../../Engine/Plugins/Experimental/Water/Content/FluidSimulation/WaveFoam/WaterDistanceField.uexp" 701
"../../../Engine/Plugins/Experimental/Water/Content/Materials/Functions/WaterHeightMappingVS.uasset" 702
"../../../Engine/Plugins/Experimental/Water/Content/Materials/Functions/WaterHeightMappingVS.uexp" 703
"../../../Engine/Plugins/Experimental/Water/Content/Materials/Functions/WaterOpacityMaskFromDepth.uasset" 704
"../../../Engine/Plugins/Experimental/Water/Content/Materials/Functions/WaterOpacityMaskFromDepth.uexp" 705
"../../../Engine/Content/Functions/Engine_MaterialFunctions02/ExampleContent/Textures/water_d.uasset" 706
"../../../Engine/Content/Functions/Engine_MaterialFunctions02/ExampleContent/Textures/water_d.uexp" 707
"../../../Engine/Content/Functions/Engine_MaterialFunctions02/ExampleContent/Textures/water_d.ubulk" 708
"../../../Engine/Content/Functions/Engine_MaterialFunctions02/ExampleContent/Textures/water_n.uasset" 709
"../../../Engine/Content/Functions/Engine_MaterialFunctions02/ExampleContent/Textures/water_n.uexp" 710
"../../../Engine/Content/Functions/Engine_MaterialFunctions02/ExampleContent/Textures/water_n.ubulk" 711
"../../../Engine/Content/Functions/Engine_MaterialFunctions01/Coordinates/WorldPosition-XY.uasset" 712
"../../../Engine/Content/Functions/Engine_MaterialFunctions01/Coordinates/WorldPosition-XY.uexp" 713
"../../../Engine/Content/Functions/Engine_MaterialFunctions02/Math/MakeVectorsOrthogonal.uasset" 714
"../../../Engine/Content/Functions/Engine_MaterialFunctions02/Math/MakeVectorsOrthogonal.uexp" 715
"../../../Engine/Content/Functions/Engine_MaterialFunctions02/Math/AddComponents.uasset" 716
"../../../Engine/Content/Functions/Engine_MaterialFunctions02/Math/AddComponents.uexp" 717
"../../../Engine/Content/Functions/Engine_MaterialFunctions02/ExampleContent/Textures/LowResBlurredNoise.uasset" 718
"../../../Engine/Content/Functions/Engine_MaterialFunctions02/ExampleContent/Textures/LowResBlurredNoise.uexp" 719
"../../../Engine/Content/Functions/Engine_MaterialFunctions02/Utility/LinearSine.uasset" 720
"../../../Engine/Content/Functions/Engine_MaterialFunctions02/Utility/LinearSine.uexp" 721
"../../../Engine/Content/Functions/Engine_MaterialFunctions02/Utility/BlendAngleCorrectedNormals.uasset" 722
"../../../Engine/Content/Functions/Engine_MaterialFunctions02/Utility/BlendAngleCorrectedNormals.uexp" 723
"../../../Engine/Content/Functions/Engine_MaterialFunctions02/Texturing/Flowmaps.uasset" 724
"../../../Engine/Content/Functions/Engine_MaterialFunctions02/Texturing/Flowmaps.uexp" 725
"../../../Engine/Plugins/Experimental/Water/Content/Materials/Functions/WaterRiverFlowmaps.uasset" 726
"../../../Engine/Plugins/Experimental/Water/Content/Materials/Functions/WaterRiverFlowmaps.uexp" 727
"../../../Engine/Plugins/Experimental/Water/Content/Materials/Functions/SetWaveAttributes.uasset" 728
"../../../Engine/Plugins/Experimental/Water/Content/Materials/Functions/SetWaveAttributes.uexp" 729
"../../../Engine/Plugins/Experimental/Water/Content/FluidSimulation/WaveFoam/FoamRT.uasset" 730
"../../../Engine/Plugins/Experimental/Water/Content/FluidSimulation/WaveFoam/FoamRT.uexp" 731
"../../../Engine/Plugins/Experimental/Water/Content/Textures/Foam/T_WaterFlow_01_Foam_Tiled.uasset" 732
"../../../Engine/Plugins/Experimental/Water/Content/Textures/Foam/T_WaterFlow_01_Foam_Tiled.uexp" 733
"../../../Engine/Plugins/Experimental/Water/Content/Textures/Foam/T_WaterFlow_01_Foam_Tiled.ubulk" 734
"../../../Engine/Plugins/Experimental/Water/Content/Textures/Foam/T_WaterFlow_01_Foam_Tiled_N.uasset" 735
"../../../Engine/Plugins/Experimental/Water/Content/Textures/Foam/T_WaterFlow_01_Foam_Tiled_N.uexp" 736
"../../../Engine/Plugins/Experimental/Water/Content/Textures/Foam/T_WaterFlow_01_Foam_Tiled_N.ubulk" 737
"../../../Engine/Content/Functions/Engine_MaterialFunctions01/Gradient/BoxMask-2D.uasset" 738
"../../../Engine/Content/Functions/Engine_MaterialFunctions01/Gradient/BoxMask-2D.uexp" 739
"../../../Engine/Content/Functions/Engine_MaterialFunctions01/Gradient/LinearGradient.uasset" 740
"../../../Engine/Content/Functions/Engine_MaterialFunctions01/Gradient/LinearGradient.uexp" 741
"../../../Engine/Content/Functions/Engine_MaterialFunctions01/ImageAdjustment/CheapContrast.uasset" 742
"../../../Engine/Content/Functions/Engine_MaterialFunctions01/ImageAdjustment/CheapContrast.uexp" 743
"../../../Engine/Content/Functions/Engine_MaterialFunctions02/Texturing/HeightLerp.uasset" 744
"../../../Engine/Content/Functions/Engine_MaterialFunctions02/Texturing/HeightLerp.uexp" 745
"../../../Engine/Content/Functions/Engine_MaterialFunctions01/Opacity/AlphaOffset.uasset" 746
"../../../Engine/Content/Functions/Engine_MaterialFunctions01/Opacity/AlphaOffset.uexp" 747
"../../../Engine/Plugins/Experimental/Water/Content/Materials/Functions/SampleFluidSimulation.uasset" 748
"../../../Engine/Plugins/Experimental/Water/Content/Materials/Functions/SampleFluidSimulation.uexp" 749
"../../../Engine/Plugins/Experimental/Water/Content/Materials/Functions/WaterCoefficientMask.uasset" 750
"../../../Engine/Plugins/Experimental/Water/Content/Materials/Functions/WaterCoefficientMask.uexp" 751
"../../../Engine/Plugins/Experimental/Water/Content/Materials/Functions/WaveVelocityMask.uasset" 752
"../../../Engine/Plugins/Experimental/Water/Content/Materials/Functions/WaveVelocityMask.uexp" 753
"../../../Engine/Content/EngineSky/VolumetricClouds/T_NoiseShape.uasset" 754
"../../../Engine/Content/EngineSky/VolumetricClouds/T_NoiseShape.uexp" 755
"../../../Engine/Content/EngineSky/VolumetricClouds/T_NoiseShape.ubulk" 756
"../../../Engine/Content/EngineSky/VolumetricClouds/T_NoiseShape.uptnl" 757
"../../../Engine/Content/EngineSky/VolumetricClouds/T_VolumeNoiseShape128.uasset" 758
"../../../Engine/Content/EngineSky/VolumetricClouds/T_VolumeNoiseShape128.uexp" 759
"../../../Engine/Content/Functions/Engine_MaterialFunctions03/Procedurals/NormalFromHeightmap.uasset" 760
"../../../Engine/Content/Functions/Engine_MaterialFunctions03/Procedurals/NormalFromHeightmap.uexp" 761
"../../../Engine/Plugins/Experimental/Water/Content/Materials/Layers/BeachFoam.uasset" 762
"../../../Engine/Plugins/Experimental/Water/Content/Materials/Layers/BeachFoam.uexp" 763
"../../../Engine/Plugins/Experimental/Water/Content/Materials/WaterSurface/Water_Material.uasset" 764
"../../../Engine/Plugins/Experimental/Water/Content/Materials/WaterSurface/Water_Material.uexp" 765
"../../../Engine/Plugins/Experimental/Water/Content/Materials/WaterSurface/Water_Material_Inst.uasset" 766
"../../../Engine/Plugins/Experimental/Water/Content/Materials/WaterSurface/Water_Material_Inst.uexp" 767
"../../../Engine/Plugins/Experimental/Water/Content/Materials/WaterSurface/Water_Material_Ocean1.uasset" 768
"../../../Engine/Plugins/Experimental/Water/Content/Materials/WaterSurface/Water_Material_Ocean1.uexp" 769
"../../../Engine/Content/EngineMaterials/DefaultPhysicalMaterial.uasset" 770
"../../../Engine/Content/EngineMaterials/DefaultPhysicalMaterial.uexp" 771
"../../../Engine/Plugins/Experimental/Water/Content/Meshes/LakeMesh.uasset" 772
"../../../Engine/Plugins/Experimental/Water/Content/Meshes/LakeMesh.uexp" 773
"../../../Engine/Plugins/Experimental/Water/Content/Meshes/LakeMesh.ubulk" 774
"../../../Engine/Plugins/Experimental/Water/Content/Waves/GerstnerWaves_Ocean.uasset" 775
"../../../Engine/Plugins/Experimental/Water/Content/Waves/GerstnerWaves_Ocean.uexp" 776
"O:/UnrealProjects/FishPersonSimulator/Content/Maps/Map_PlayLevel.uexp" 777
"O:/UnrealProjects/FishPersonSimulator/Content/Maps/Map_PlayLevel.ubulk" 778
"O:/UnrealProjects/FishPersonSimulator/Content/Maps/Map_PlayLevel.umap" 779
"../../../Engine/Content/Maps/Entry_BuiltData.uasset" 780
"../../../Engine/Content/Maps/Entry_BuiltData.uexp" 781
"../../../Engine/Content/Maps/Entry.uexp" 782
"../../../Engine/Content/Maps/Entry.umap" 783
